2015-12-02 09:38:25,849 [8] INFO   JSTService.ServiceModel.DefaultValidator`1 1970/1/1 8:00:00
2015-12-02 09:38:26,174 [8] INFO   JSTService.ServiceModel.DefaultValidator`1 {"InstanceToValidate":{"TcOrderID":0,"FenxiaoID":0,"SupplierName":null,"DistributorUserName":null,"Status":0,"AppKey":null,"AppSecret":null,"Sign":null,"PageSize":500,"PageNo":1,"TimeStamp":0.0,"DateType":0,"StartDateTime":"2015-11-02T09:37:23.6683437+08:00","EndDateTime":"2015-12-02T09:37:23.6683437+08:00"},"PropertyChain":{"Count":0},"Selector":{},"IsChildContext":false}
2015-12-02 09:38:26,175 [8] INFO   JSTService.ServiceModel.DefaultValidator`1 {"TcOrderID":0,"FenxiaoID":0,"SupplierName":null,"DistributorUserName":null,"Status":0,"AppKey":null,"AppSecret":null,"Sign":null,"PageSize":500,"PageNo":1,"TimeStamp":0.0,"DateType":0,"StartDateTime":"2015-11-02T09:37:23.6683437+08:00","EndDateTime":"2015-12-02T09:37:23.6683437+08:00"}
2015-12-02 09:41:11,435 [5] INFO   JSTService.ServiceModel.DefaultValidator`1 1970/1/1 8:00:00
2015-12-02 09:41:12,302 [5] INFO   JSTService.ServiceModel.DefaultValidator`1 {"InstanceToValidate":{"SubOrderID":0,"RefundStatus":0,"SupplierNick":null,"DistributorNick":null,"AppKey":null,"AppSecret":null,"Sign":null,"PageSize":500,"PageNo":1,"TimeStamp":0.0,"DateType":0,"StartDateTime":"2015-11-02T09:39:40.5764448+08:00","EndDateTime":"2015-12-02T09:39:40.5764448+08:00"},"PropertyChain":{"Count":0},"Selector":{},"IsChildContext":false}
2015-12-02 09:41:17,921 [5] INFO   JSTService.ServiceModel.DefaultValidator`1 {"SubOrderID":0,"RefundStatus":0,"SupplierNick":null,"DistributorNick":null,"AppKey":null,"AppSecret":null,"Sign":null,"PageSize":500,"PageNo":1,"TimeStamp":0.0,"DateType":0,"StartDateTime":"2015-11-02T09:39:40.5764448+08:00","EndDateTime":"2015-12-02T09:39:40.5764448+08:00"}
2015-12-02 12:07:14,556 [9] INFO   JSTService.ServiceModel.DefaultValidator`1 1970/1/1 8:00:00
2015-12-02 12:07:14,557 [8] INFO   JSTService.ServiceModel.DefaultValidator`1 1970/1/1 8:00:00
2015-12-02 12:07:18,775 [9] INFO   JSTService.ServiceModel.DefaultValidator`1 {"InstanceToValidate":{"SubOrderID":0,"RefundStatus":0,"SupplierNick":null,"DistributorNick":null,"AppKey":null,"AppSecret":null,"Sign":null,"PageSize":0,"PageNo":0,"TimeStamp":0.0,"DateType":0,"StartDateTime":"0001-01-01T00:00:00","EndDateTime":"0001-01-01T00:00:00"},"PropertyChain":{"Count":0},"Selector":{},"IsChildContext":false}
2015-12-02 12:07:18,775 [9] INFO   JSTService.ServiceModel.DefaultValidator`1 {"SubOrderID":0,"RefundStatus":0,"SupplierNick":null,"DistributorNick":null,"AppKey":null,"AppSecret":null,"Sign":null,"PageSize":0,"PageNo":0,"TimeStamp":0.0,"DateType":0,"StartDateTime":"0001-01-01T00:00:00","EndDateTime":"0001-01-01T00:00:00"}
2015-12-02 12:07:18,775 [8] INFO   JSTService.ServiceModel.DefaultValidator`1 {"InstanceToValidate":{"TcOrderID":0,"FenxiaoID":0,"SupplierName":null,"DistributorUserName":null,"Status":0,"AppKey":null,"AppSecret":null,"Sign":null,"PageSize":0,"PageNo":0,"TimeStamp":0.0,"DateType":0,"StartDateTime":"0001-01-01T00:00:00","EndDateTime":"0001-01-01T00:00:00"},"PropertyChain":{"Count":0},"Selector":{},"IsChildContext":false}
2015-12-02 12:07:18,776 [8] INFO   JSTService.ServiceModel.DefaultValidator`1 {"TcOrderID":0,"FenxiaoID":0,"SupplierName":null,"DistributorUserName":null,"Status":0,"AppKey":null,"AppSecret":null,"Sign":null,"PageSize":0,"PageNo":0,"TimeStamp":0.0,"DateType":0,"StartDateTime":"0001-01-01T00:00:00","EndDateTime":"0001-01-01T00:00:00"}
2015-12-02 12:10:29,725 [10] INFO   JSTService.ServiceModel.DefaultValidator`1 1970/1/1 8:00:00
2015-12-02 12:10:30,944 [10] INFO   JSTService.ServiceModel.DefaultValidator`1 {"InstanceToValidate":{"SubOrderID":0,"RefundStatus":0,"SupplierNick":null,"DistributorNick":null,"AppKey":null,"AppSecret":null,"Sign":null,"PageSize":0,"PageNo":0,"TimeStamp":0.0,"DateType":0,"StartDateTime":"0001-01-01T00:00:00","EndDateTime":"0001-01-01T00:00:00"},"PropertyChain":{"Count":0},"Selector":{},"IsChildContext":false}
2015-12-02 12:10:30,945 [10] INFO   JSTService.ServiceModel.DefaultValidator`1 {"SubOrderID":0,"RefundStatus":0,"SupplierNick":null,"DistributorNick":null,"AppKey":null,"AppSecret":null,"Sign":null,"PageSize":0,"PageNo":0,"TimeStamp":0.0,"DateType":0,"StartDateTime":"0001-01-01T00:00:00","EndDateTime":"0001-01-01T00:00:00"}
2015-12-02 12:12:35,900 [12] INFO   JSTService.ServiceModel.DefaultValidator`1 1970/1/1 8:00:00
2015-12-02 12:12:37,463 [12] INFO   JSTService.ServiceModel.DefaultValidator`1 {"InstanceToValidate":{"SubOrderID":0,"RefundStatus":0,"SupplierNick":null,"DistributorNick":null,"AppKey":null,"AppSecret":null,"Sign":null,"PageSize":0,"PageNo":0,"TimeStamp":0.0,"DateType":0,"StartDateTime":"0001-01-01T00:00:00","EndDateTime":"0001-01-01T00:00:00"},"PropertyChain":{"Count":0},"Selector":{},"IsChildContext":false}
2015-12-02 12:12:43,335 [12] INFO   JSTService.ServiceModel.DefaultValidator`1 {"SubOrderID":0,"RefundStatus":0,"SupplierNick":null,"DistributorNick":null,"AppKey":null,"AppSecret":null,"Sign":null,"PageSize":0,"PageNo":0,"TimeStamp":0.0,"DateType":0,"StartDateTime":"0001-01-01T00:00:00","EndDateTime":"0001-01-01T00:00:00"}
2015-12-02 12:16:13,187 [21] INFO   JSTService.ServiceModel.DefaultValidator`1 1970/1/1 8:00:00
2015-12-02 12:16:15,531 [21] INFO   JSTService.ServiceModel.DefaultValidator`1 {"InstanceToValidate":{"SubOrderID":0,"RefundStatus":0,"SupplierNick":null,"DistributorNick":null,"AppKey":"JST","AppSecret":null,"Sign":null,"PageSize":0,"PageNo":0,"TimeStamp":0.0,"DateType":0,"StartDateTime":"0001-01-01T00:00:00","EndDateTime":"0001-01-01T00:00:00"},"PropertyChain":{"Count":0},"Selector":{},"IsChildContext":false}
2015-12-02 12:16:15,531 [21] INFO   JSTService.ServiceModel.DefaultValidator`1 {"SubOrderID":0,"RefundStatus":0,"SupplierNick":null,"DistributorNick":null,"AppKey":"JST","AppSecret":null,"Sign":null,"PageSize":0,"PageNo":0,"TimeStamp":0.0,"DateType":0,"StartDateTime":"0001-01-01T00:00:00","EndDateTime":"0001-01-01T00:00:00"}
2015-12-02 12:16:15,537 [19] INFO   JSTService.ServiceModel.DefaultValidator`1 1970/1/1 8:00:00
2015-12-02 12:16:16,314 [19] INFO   JSTService.ServiceModel.DefaultValidator`1 {"InstanceToValidate":{"SubOrderID":0,"RefundStatus":0,"SupplierNick":null,"DistributorNick":null,"AppKey":null,"AppSecret":null,"Sign":null,"PageSize":0,"PageNo":0,"TimeStamp":0.0,"DateType":0,"StartDateTime":"0001-01-01T00:00:00","EndDateTime":"0001-01-01T00:00:00"},"PropertyChain":{"Count":0},"Selector":{},"IsChildContext":false}
2015-12-02 12:16:16,314 [19] INFO   JSTService.ServiceModel.DefaultValidator`1 {"SubOrderID":0,"RefundStatus":0,"SupplierNick":null,"DistributorNick":null,"AppKey":null,"AppSecret":null,"Sign":null,"PageSize":0,"PageNo":0,"TimeStamp":0.0,"DateType":0,"StartDateTime":"0001-01-01T00:00:00","EndDateTime":"0001-01-01T00:00:00"}
2015-12-02 12:16:35,524 [31] INFO   JSTService.ServiceModel.DefaultValidator`1 1970/1/1 8:00:00
2015-12-02 12:16:36,139 [31] INFO   JSTService.ServiceModel.DefaultValidator`1 {"InstanceToValidate":{"SubOrderID":0,"RefundStatus":0,"SupplierNick":null,"DistributorNick":null,"AppKey":"JST","AppSecret":null,"Sign":null,"PageSize":0,"PageNo":0,"TimeStamp":0.0,"DateType":0,"StartDateTime":"0001-01-01T00:00:00","EndDateTime":"0001-01-01T00:00:00"},"PropertyChain":{"Count":0},"Selector":{},"IsChildContext":false}
2015-12-02 12:16:36,140 [31] INFO   JSTService.ServiceModel.DefaultValidator`1 {"SubOrderID":0,"RefundStatus":0,"SupplierNick":null,"DistributorNick":null,"AppKey":"JST","AppSecret":null,"Sign":null,"PageSize":0,"PageNo":0,"TimeStamp":0.0,"DateType":0,"StartDateTime":"0001-01-01T00:00:00","EndDateTime":"0001-01-01T00:00:00"}
2015-12-02 12:17:42,807 [31] INFO   JSTService.ServiceModel.DefaultValidator`1 1970/1/1 8:00:00
2015-12-02 12:17:43,526 [31] INFO   JSTService.ServiceModel.DefaultValidator`1 {"InstanceToValidate":{"SubOrderID":0,"RefundStatus":0,"SupplierNick":null,"DistributorNick":null,"AppKey":"JST","AppSecret":null,"Sign":null,"PageSize":0,"PageNo":0,"TimeStamp":0.0,"DateType":0,"StartDateTime":"0001-01-01T00:00:00","EndDateTime":"2015-12-02T12:17:00+08:00"},"PropertyChain":{"Count":0},"Selector":{},"IsChildContext":false}
2015-12-02 12:17:43,526 [31] INFO   JSTService.ServiceModel.DefaultValidator`1 {"SubOrderID":0,"RefundStatus":0,"SupplierNick":null,"DistributorNick":null,"AppKey":"JST","AppSecret":null,"Sign":null,"PageSize":0,"PageNo":0,"TimeStamp":0.0,"DateType":0,"StartDateTime":"0001-01-01T00:00:00","EndDateTime":"2015-12-02T12:17:00+08:00"}
2015-12-02 12:27:24,463 [55] INFO   JSTService.ServiceModel.DefaultValidator`1 1970/1/1 8:00:00
2015-12-02 12:27:25,636 [55] INFO   JSTService.ServiceModel.DefaultValidator`1 {"InstanceToValidate":{"SubOrderID":0,"RefundStatus":0,"SupplierNick":null,"DistributorNick":null,"AppKey":"JST","AppSecret":null,"Sign":"8CFA2282B17DE0A598C010F5F0109E7D","PageSize":500,"PageNo":1,"TimeStamp":1449030429.0,"DateType":1,"StartDateTime":"2015-11-02T12:27:09","EndDateTime":"2015-12-02T12:27:09"},"PropertyChain":{"Count":0},"Selector":{},"IsChildContext":false}
2015-12-02 12:27:25,636 [55] INFO   JSTService.ServiceModel.DefaultValidator`1 {"SubOrderID":0,"RefundStatus":0,"SupplierNick":null,"DistributorNick":null,"AppKey":"JST","AppSecret":null,"Sign":"8CFA2282B17DE0A598C010F5F0109E7D","PageSize":500,"PageNo":1,"TimeStamp":1449030429.0,"DateType":1,"StartDateTime":"2015-11-02T12:27:09","EndDateTime":"2015-12-02T12:27:09"}
2015-12-02 12:27:54,599 [65] INFO   JSTService.ServiceModel.DefaultValidator`1 1970/1/1 8:00:00
2015-12-02 12:27:55,741 [65] INFO   JSTService.ServiceModel.DefaultValidator`1 {"InstanceToValidate":{"SubOrderID":0,"RefundStatus":0,"SupplierNick":null,"DistributorNick":null,"AppKey":"JST","AppSecret":null,"Sign":"8CFA2282B17DE0A598C010F5F0109E7D","PageSize":500,"PageNo":1,"TimeStamp":1449030456.0,"DateType":1,"StartDateTime":"2015-11-02T12:27:35","EndDateTime":"2015-12-02T12:27:35"},"PropertyChain":{"Count":0},"Selector":{},"IsChildContext":false}
2015-12-02 12:27:55,741 [65] INFO   JSTService.ServiceModel.DefaultValidator`1 {"SubOrderID":0,"RefundStatus":0,"SupplierNick":null,"DistributorNick":null,"AppKey":"JST","AppSecret":null,"Sign":"8CFA2282B17DE0A598C010F5F0109E7D","PageSize":500,"PageNo":1,"TimeStamp":1449030456.0,"DateType":1,"StartDateTime":"2015-11-02T12:27:35","EndDateTime":"2015-12-02T12:27:35"}
2015-12-02 12:29:54,093 [9] INFO   JSTService.ServiceModel.DefaultValidator`1 2015/12/2 12:29:40
2015-12-02 12:29:55,238 [9] INFO   JSTService.ServiceModel.DefaultValidator`1 {"InstanceToValidate":{"SubOrderID":0,"RefundStatus":0,"SupplierNick":null,"DistributorNick":null,"AppKey":"JST","AppSecret":null,"Sign":"8CFA2282B17DE0A598C010F5F0109E7D","PageSize":500,"PageNo":1,"TimeStamp":1449030580.0,"DateType":1,"StartDateTime":"2015-11-02T12:29:40","EndDateTime":"2015-12-02T12:29:40"},"PropertyChain":{"Count":0},"Selector":{},"IsChildContext":false}
2015-12-02 12:29:55,239 [9] INFO   JSTService.ServiceModel.DefaultValidator`1 {"SubOrderID":0,"RefundStatus":0,"SupplierNick":null,"DistributorNick":null,"AppKey":"JST","AppSecret":null,"Sign":"8CFA2282B17DE0A598C010F5F0109E7D","PageSize":500,"PageNo":1,"TimeStamp":1449030580.0,"DateType":1,"StartDateTime":"2015-11-02T12:29:40","EndDateTime":"2015-12-02T12:29:40"}
2015-12-02 12:30:27,175 [10] INFO   JSTService.ServiceModel.DefaultValidator`1 2015/12/2 12:30:13
2015-12-02 12:30:27,177 [10] INFO   JSTService.ServiceModel.DefaultValidator`1 {"InstanceToValidate":{"SubOrderID":0,"RefundStatus":0,"SupplierNick":null,"DistributorNick":null,"AppKey":"JST","AppSecret":null,"Sign":"8CFA2282B17DE0A598C010F5F0109E7D","PageSize":500,"PageNo":1,"TimeStamp":1449030613.0,"DateType":1,"StartDateTime":"2015-11-02T12:30:13","EndDateTime":"2015-12-02T12:30:13"},"PropertyChain":{"Count":0},"Selector":{},"IsChildContext":false}
2015-12-02 12:30:27,177 [10] INFO   JSTService.ServiceModel.DefaultValidator`1 {"SubOrderID":0,"RefundStatus":0,"SupplierNick":null,"DistributorNick":null,"AppKey":"JST","AppSecret":null,"Sign":"8CFA2282B17DE0A598C010F5F0109E7D","PageSize":500,"PageNo":1,"TimeStamp":1449030613.0,"DateType":1,"StartDateTime":"2015-11-02T12:30:13","EndDateTime":"2015-12-02T12:30:13"}
2015-12-02 12:31:45,158 [11] INFO   JSTService.ServiceModel.DefaultValidator`1 2015/12/2 12:31:38
2015-12-02 12:33:09,071 [11] INFO   JSTService.ServiceModel.DefaultValidator`1 {"InstanceToValidate":{"SubOrderID":0,"RefundStatus":0,"SupplierNick":null,"DistributorNick":null,"AppKey":"JST","AppSecret":null,"Sign":"8CFA2282B17DE0A598C010F5F0109E7D","PageSize":500,"PageNo":1,"TimeStamp":1449030698.0,"DateType":1,"StartDateTime":"2015-11-02T12:31:38","EndDateTime":"2015-12-02T12:31:38"},"PropertyChain":{"Count":0},"Selector":{},"IsChildContext":false}
2015-12-02 12:33:09,072 [11] INFO   JSTService.ServiceModel.DefaultValidator`1 {"SubOrderID":0,"RefundStatus":0,"SupplierNick":null,"DistributorNick":null,"AppKey":"JST","AppSecret":null,"Sign":"8CFA2282B17DE0A598C010F5F0109E7D","PageSize":500,"PageNo":1,"TimeStamp":1449030698.0,"DateType":1,"StartDateTime":"2015-11-02T12:31:38","EndDateTime":"2015-12-02T12:31:38"}
2015-12-02 13:22:03,980 [67] INFO   JSTService.ServiceModel.DefaultValidator`1 2015/12/2 13:21:40
2015-12-02 13:22:31,729 [67] INFO   JSTService.ServiceModel.DefaultValidator`1 {"InstanceToValidate":{"SubOrderID":0,"RefundStatus":0,"SupplierNick":null,"DistributorNick":null,"AppKey":"JST","AppSecret":null,"Sign":"8CFA2282B17DE0A598C010F5F0109E7D","PageSize":500,"PageNo":1,"TimeStamp":1449033700.0,"DateType":1,"StartDateTime":"2015-11-02T13:21:39","EndDateTime":"2015-12-02T13:21:40"},"PropertyChain":{"Count":0},"Selector":{},"IsChildContext":false}
2015-12-02 13:22:34,192 [67] INFO   JSTService.ServiceModel.DefaultValidator`1 {"SubOrderID":0,"RefundStatus":0,"SupplierNick":null,"DistributorNick":null,"AppKey":"JST","AppSecret":null,"Sign":"8CFA2282B17DE0A598C010F5F0109E7D","PageSize":500,"PageNo":1,"TimeStamp":1449033700.0,"DateType":1,"StartDateTime":"2015-11-02T13:21:39","EndDateTime":"2015-12-02T13:21:40"}
2015-12-02 13:26:11,123 [9] INFO   JSTService.ServiceModel.DefaultValidator`1 2015/12/2 13:26:01
2015-12-02 13:26:23,464 [9] INFO   JSTService.ServiceModel.DefaultValidator`1 {"InstanceToValidate":{"SubOrderID":0,"RefundStatus":0,"SupplierNick":null,"DistributorNick":null,"AppKey":"JST","AppSecret":null,"Sign":"BD4050B474A1BE136032180F646BFB8A","PageSize":500,"PageNo":1,"TimeStamp":1449033961.0,"DateType":1,"StartDateTime":"2015-11-02T13:26:01","EndDateTime":"2015-12-02T13:26:01"},"PropertyChain":{"Count":0},"Selector":{},"IsChildContext":false}
2015-12-02 13:26:23,828 [9] INFO   JSTService.ServiceModel.DefaultValidator`1 {"SubOrderID":0,"RefundStatus":0,"SupplierNick":null,"DistributorNick":null,"AppKey":"JST","AppSecret":null,"Sign":"BD4050B474A1BE136032180F646BFB8A","PageSize":500,"PageNo":1,"TimeStamp":1449033961.0,"DateType":1,"StartDateTime":"2015-11-02T13:26:01","EndDateTime":"2015-12-02T13:26:01"}
